<?xml version="1.0" encoding="UTF-8"?>
<testsuite xmlns:xsi="http://www.w3.org/2001/XMLSchema-instance" xsi:noNamespaceSchemaLocation="https://maven.apache.org/surefire/maven-surefire-plugin/xsd/surefire-test-report.xsd" name="com.webapp.HelloWorldTest" time="0.016" tests="1" errors="0" skipped="0" failures="0">
  <properties>
    <property name="java.specification.version" value="22"/>
    <property name="sun.jnu.encoding" value="UTF-8"/>
    <property name="java.class.path" value="/Users/andynze/myapp/vTech-Repo/registration-app/target/test-classes:/Users/andynze/myapp/vTech-Repo/registration-app/target/classes:/Users/andynze/.m2/repository/javax/servlet/javax.servlet-api/4.0.0/javax.servlet-api-4.0.0.jar:/Users/andynze/.m2/repository/javax/servlet/jsp/jsp-api/2.2.1-b03/jsp-api-2.2.1-b03.jar:/Users/andynze/.m2/repository/org/springframework/spring-web/4.2.0.RELEASE/spring-web-4.2.0.RELEASE.jar:/Users/andynze/.m2/repository/org/springframework/spring-aop/5.2.3.RELEASE/spring-aop-5.2.3.RELEASE.jar:/Users/andynze/.m2/repository/org/springframework/spring-beans/5.2.3.RELEASE/spring-beans-5.2.3.RELEASE.jar:/Users/andynze/.m2/repository/org/springframework/spring-context/5.2.3.RELEASE/spring-context-5.2.3.RELEASE.jar:/Users/andynze/.m2/repository/org/springframework/spring-core/5.2.3.RELEASE/spring-core-5.2.3.RELEASE.jar:/Users/andynze/.m2/repository/org/springframework/spring-jcl/5.2.3.RELEASE/spring-jcl-5.2.3.RELEASE.jar:/Users/andynze/.m2/repository/org/springframework/spring-webmvc/4.2.0.RELEASE/spring-webmvc-4.2.0.RELEASE.jar:/Users/andynze/.m2/repository/org/springframework/spring-expression/5.2.3.RELEASE/spring-expression-5.2.3.RELEASE.jar:/Users/andynze/.m2/repository/org/springframework/security/spring-security-web/4.0.2.RELEASE/spring-security-web-4.0.2.RELEASE.jar:/Users/andynze/.m2/repository/aopalliance/aopalliance/1.0/aopalliance-1.0.jar:/Users/andynze/.m2/repository/org/springframework/security/spring-security-core/4.0.2.RELEASE/spring-security-core-4.0.2.RELEASE.jar:/Users/andynze/.m2/repository/org/springframework/security/spring-security-config/4.0.2.RELEASE/spring-security-config-4.0.2.RELEASE.jar:/Users/andynze/.m2/repository/org/hibernate/hibernate-validator/5.2.1.Final/hibernate-validator-5.2.1.Final.jar:/Users/andynze/.m2/repository/javax/validation/validation-api/2.0.1.Final/validation-api-2.0.1.Final.jar:/Users/andynze/.m2/repository/org/jboss/logging/jboss-logging/3.4.1.Final/jboss-logging-3.4.1.Final.jar:/Users/andynze/.m2/repository/com/fasterxml/classmate/1.5.1/classmate-1.5.1.jar:/Users/andynze/.m2/repository/org/springframework/data/spring-data-jpa/1.8.2.RELEASE/spring-data-jpa-1.8.2.RELEASE.jar:/Users/andynze/.m2/repository/org/springframework/data/spring-data-commons/2.2.4.RELEASE/spring-data-commons-2.2.4.RELEASE.jar:/Users/andynze/.m2/repository/org/springframework/spring-orm/5.2.3.RELEASE/spring-orm-5.2.3.RELEASE.jar:/Users/andynze/.m2/repository/org/springframework/spring-jdbc/5.2.3.RELEASE/spring-jdbc-5.2.3.RELEASE.jar:/Users/andynze/.m2/repository/org/springframework/spring-tx/5.2.3.RELEASE/spring-tx-5.2.3.RELEASE.jar:/Users/andynze/.m2/repository/org/aspectj/aspectjrt/1.9.5/aspectjrt-1.9.5.jar:/Users/andynze/.m2/repository/org/slf4j/slf4j-api/1.7.30/slf4j-api-1.7.30.jar:/Users/andynze/.m2/repository/org/slf4j/jcl-over-slf4j/1.7.30/jcl-over-slf4j-1.7.30.jar:/Users/andynze/.m2/repository/org/hibernate/hibernate-entitymanager/4.3.11.Final/hibernate-entitymanager-4.3.11.Final.jar:/Users/andynze/.m2/repository/org/jboss/logging/jboss-logging-annotations/1.2.0.Beta1/jboss-logging-annotations-1.2.0.Beta1.jar:/Users/andynze/.m2/repository/org/hibernate/hibernate-core/4.3.11.Final/hibernate-core-4.3.11.Final.jar:/Users/andynze/.m2/repository/antlr/antlr/2.7.7/antlr-2.7.7.jar:/Users/andynze/.m2/repository/org/jboss/jandex/1.1.0.Final/jandex-1.1.0.Final.jar:/Users/andynze/.m2/repository/dom4j/dom4j/1.6.1/dom4j-1.6.1.jar:/Users/andynze/.m2/repository/xml-apis/xml-apis/1.0.b2/xml-apis-1.0.b2.jar:/Users/andynze/.m2/repository/org/hibernate/common/hibernate-commons-annotations/4.0.5.Final/hibernate-commons-annotations-4.0.5.Final.jar:/Users/andynze/.m2/repository/org/hibernate/javax/persistence/hibernate-jpa-2.1-api/1.0.0.Final/hibernate-jpa-2.1-api-1.0.0.Final.jar:/Users/andynze/.m2/repository/org/jboss/spec/javax/transaction/jboss-transaction-api_1.2_spec/1.0.0.Final/jboss-transaction-api_1.2_spec-1.0.0.Final.jar:/Users/andynze/.m2/repository/org/javassist/javassist/3.18.1-GA/javassist-3.18.1-GA.jar:/Users/andynze/.m2/repository/commons-dbcp/commons-dbcp/1.4/commons-dbcp-1.4.jar:/Users/andynze/.m2/repository/commons-pool/commons-pool/1.6/commons-pool-1.6.jar:/Users/andynze/.m2/repository/javax/servlet/jstl/1.2/jstl-1.2.jar:/Users/andynze/.m2/repository/junit/junit/4.10/junit-4.10.jar:/Users/andynze/.m2/repository/org/hamcrest/hamcrest-core/2.1/hamcrest-core-2.1.jar:/Users/andynze/.m2/repository/org/hamcrest/hamcrest/2.1/hamcrest-2.1.jar:/Users/andynze/.m2/repository/org/mockito/mockito-core/1.9.5/mockito-core-1.9.5.jar:/Users/andynze/.m2/repository/org/objenesis/objenesis/1.0/objenesis-1.0.jar:/Users/andynze/.m2/repository/org/springframework/spring-test/3.2.3.RELEASE/spring-test-3.2.3.RELEASE.jar:/Users/andynze/.m2/repository/ch/qos/logback/logback-classic/1.1.3/logback-classic-1.1.3.jar:/Users/andynze/.m2/repository/ch/qos/logback/logback-core/1.1.3/logback-core-1.1.3.jar:/Users/andynze/.m2/repository/org/hamcrest/hamcrest-all/1.3/hamcrest-all-1.3.jar:/Users/andynze/.m2/repository/commons-fileupload/commons-fileupload/1.3.1/commons-fileupload-1.3.1.jar:/Users/andynze/.m2/repository/commons-io/commons-io/2.2/commons-io-2.2.jar:"/>
    <property name="java.vm.vendor" value="Homebrew"/>
    <property name="sun.arch.data.model" value="64"/>
    <property name="java.vendor.url" value="https://github.com/Homebrew/homebrew-core/issues"/>
    <property name="os.name" value="Mac OS X"/>
    <property name="java.vm.specification.version" value="22"/>
    <property name="sun.java.launcher" value="SUN_STANDARD"/>
    <property name="user.country" value="US"/>
    <property name="sun.boot.library.path" value="/opt/homebrew/Cellar/openjdk/22/libexec/openjdk.jdk/Contents/Home/lib"/>
    <property name="sun.java.command" value="/Users/andynze/myapp/vTech-Repo/registration-app/target/surefire/surefirebooter6839864612623356665.jar /Users/andynze/myapp/vTech-Repo/registration-app/target/surefire 2024-06-26T16-56-46_280-jvmRun1 surefire11816944982013230357tmp surefire_02218656098275766445tmp"/>
    <property name="http.nonProxyHosts" value="local|*.local|169.254/16|*.169.254/16"/>
    <property name="jdk.debug" value="release"/>
    <property name="surefire.test.class.path" value="/Users/andynze/myapp/vTech-Repo/registration-app/target/test-classes:/Users/andynze/myapp/vTech-Repo/registration-app/target/classes:/Users/andynze/.m2/repository/javax/servlet/javax.servlet-api/4.0.0/javax.servlet-api-4.0.0.jar:/Users/andynze/.m2/repository/javax/servlet/jsp/jsp-api/2.2.1-b03/jsp-api-2.2.1-b03.jar:/Users/andynze/.m2/repository/org/springframework/spring-web/4.2.0.RELEASE/spring-web-4.2.0.RELEASE.jar:/Users/andynze/.m2/repository/org/springframework/spring-aop/5.2.3.RELEASE/spring-aop-5.2.3.RELEASE.jar:/Users/andynze/.m2/repository/org/springframework/spring-beans/5.2.3.RELEASE/spring-beans-5.2.3.RELEASE.jar:/Users/andynze/.m2/repository/org/springframework/spring-context/5.2.3.RELEASE/spring-context-5.2.3.RELEASE.jar:/Users/andynze/.m2/repository/org/springframework/spring-core/5.2.3.RELEASE/spring-core-5.2.3.RELEASE.jar:/Users/andynze/.m2/repository/org/springframework/spring-jcl/5.2.3.RELEASE/spring-jcl-5.2.3.RELEASE.jar:/Users/andynze/.m2/repository/org/springframework/spring-webmvc/4.2.0.RELEASE/spring-webmvc-4.2.0.RELEASE.jar:/Users/andynze/.m2/repository/org/springframework/spring-expression/5.2.3.RELEASE/spring-expression-5.2.3.RELEASE.jar:/Users/andynze/.m2/repository/org/springframework/security/spring-security-web/4.0.2.RELEASE/spring-security-web-4.0.2.RELEASE.jar:/Users/andynze/.m2/repository/aopalliance/aopalliance/1.0/aopalliance-1.0.jar:/Users/andynze/.m2/repository/org/springframework/security/spring-security-core/4.0.2.RELEASE/spring-security-core-4.0.2.RELEASE.jar:/Users/andynze/.m2/repository/org/springframework/security/spring-security-config/4.0.2.RELEASE/spring-security-config-4.0.2.RELEASE.jar:/Users/andynze/.m2/repository/org/hibernate/hibernate-validator/5.2.1.Final/hibernate-validator-5.2.1.Final.jar:/Users/andynze/.m2/repository/javax/validation/validation-api/2.0.1.Final/validation-api-2.0.1.Final.jar:/Users/andynze/.m2/repository/org/jboss/logging/jboss-logging/3.4.1.Final/jboss-logging-3.4.1.Final.jar:/Users/andynze/.m2/repository/com/fasterxml/classmate/1.5.1/classmate-1.5.1.jar:/Users/andynze/.m2/repository/org/springframework/data/spring-data-jpa/1.8.2.RELEASE/spring-data-jpa-1.8.2.RELEASE.jar:/Users/andynze/.m2/repository/org/springframework/data/spring-data-commons/2.2.4.RELEASE/spring-data-commons-2.2.4.RELEASE.jar:/Users/andynze/.m2/repository/org/springframework/spring-orm/5.2.3.RELEASE/spring-orm-5.2.3.RELEASE.jar:/Users/andynze/.m2/repository/org/springframework/spring-jdbc/5.2.3.RELEASE/spring-jdbc-5.2.3.RELEASE.jar:/Users/andynze/.m2/repository/org/springframework/spring-tx/5.2.3.RELEASE/spring-tx-5.2.3.RELEASE.jar:/Users/andynze/.m2/repository/org/aspectj/aspectjrt/1.9.5/aspectjrt-1.9.5.jar:/Users/andynze/.m2/repository/org/slf4j/slf4j-api/1.7.30/slf4j-api-1.7.30.jar:/Users/andynze/.m2/repository/org/slf4j/jcl-over-slf4j/1.7.30/jcl-over-slf4j-1.7.30.jar:/Users/andynze/.m2/repository/org/hibernate/hibernate-entitymanager/4.3.11.Final/hibernate-entitymanager-4.3.11.Final.jar:/Users/andynze/.m2/repository/org/jboss/logging/jboss-logging-annotations/1.2.0.Beta1/jboss-logging-annotations-1.2.0.Beta1.jar:/Users/andynze/.m2/repository/org/hibernate/hibernate-core/4.3.11.Final/hibernate-core-4.3.11.Final.jar:/Users/andynze/.m2/repository/antlr/antlr/2.7.7/antlr-2.7.7.jar:/Users/andynze/.m2/repository/org/jboss/jandex/1.1.0.Final/jandex-1.1.0.Final.jar:/Users/andynze/.m2/repository/dom4j/dom4j/1.6.1/dom4j-1.6.1.jar:/Users/andynze/.m2/repository/xml-apis/xml-apis/1.0.b2/xml-apis-1.0.b2.jar:/Users/andynze/.m2/repository/org/hibernate/common/hibernate-commons-annotations/4.0.5.Final/hibernate-commons-annotations-4.0.5.Final.jar:/Users/andynze/.m2/repository/org/hibernate/javax/persistence/hibernate-jpa-2.1-api/1.0.0.Final/hibernate-jpa-2.1-api-1.0.0.Final.jar:/Users/andynze/.m2/repository/org/jboss/spec/javax/transaction/jboss-transaction-api_1.2_spec/1.0.0.Final/jboss-transaction-api_1.2_spec-1.0.0.Final.jar:/Users/andynze/.m2/repository/org/javassist/javassist/3.18.1-GA/javassist-3.18.1-GA.jar:/Users/andynze/.m2/repository/commons-dbcp/commons-dbcp/1.4/commons-dbcp-1.4.jar:/Users/andynze/.m2/repository/commons-pool/commons-pool/1.6/commons-pool-1.6.jar:/Users/andynze/.m2/repository/javax/servlet/jstl/1.2/jstl-1.2.jar:/Users/andynze/.m2/repository/junit/junit/4.10/junit-4.10.jar:/Users/andynze/.m2/repository/org/hamcrest/hamcrest-core/2.1/hamcrest-core-2.1.jar:/Users/andynze/.m2/repository/org/hamcrest/hamcrest/2.1/hamcrest-2.1.jar:/Users/andynze/.m2/repository/org/mockito/mockito-core/1.9.5/mockito-core-1.9.5.jar:/Users/andynze/.m2/repository/org/objenesis/objenesis/1.0/objenesis-1.0.jar:/Users/andynze/.m2/repository/org/springframework/spring-test/3.2.3.RELEASE/spring-test-3.2.3.RELEASE.jar:/Users/andynze/.m2/repository/ch/qos/logback/logback-classic/1.1.3/logback-classic-1.1.3.jar:/Users/andynze/.m2/repository/ch/qos/logback/logback-core/1.1.3/logback-core-1.1.3.jar:/Users/andynze/.m2/repository/org/hamcrest/hamcrest-all/1.3/hamcrest-all-1.3.jar:/Users/andynze/.m2/repository/commons-fileupload/commons-fileupload/1.3.1/commons-fileupload-1.3.1.jar:/Users/andynze/.m2/repository/commons-io/commons-io/2.2/commons-io-2.2.jar:"/>
    <property name="sun.cpu.endian" value="little"/>
    <property name="user.home" value="/Users/andynze"/>
    <property name="user.language" value="en"/>
    <property name="java.specification.vendor" value="Oracle Corporation"/>
    <property name="java.version.date" value="2024-03-19"/>
    <property name="java.home" value="/opt/homebrew/Cellar/openjdk/22/libexec/openjdk.jdk/Contents/Home"/>
    <property name="file.separator" value="/"/>
    <property name="basedir" value="/Users/andynze/myapp/vTech-Repo/registration-app"/>
    <property name="java.vm.compressedOopsMode" value="Zero based"/>
    <property name="line.separator" value="&#10;"/>
    <property name="java.vm.specification.vendor" value="Oracle Corporation"/>
    <property name="java.specification.name" value="Java Platform API Specification"/>
    <property name="apple.awt.application.name" value="ForkedBooter"/>
    <property name="surefire.real.class.path" value="/Users/andynze/myapp/vTech-Repo/registration-app/target/surefire/surefirebooter6839864612623356665.jar"/>
    <property name="sun.management.compiler" value="HotSpot 64-Bit Tiered Compilers"/>
    <property name="ftp.nonProxyHosts" value="local|*.local|169.254/16|*.169.254/16"/>
    <property name="java.runtime.version" value="22"/>
    <property name="user.name" value="andynze"/>
    <property name="stdout.encoding" value="UTF-8"/>
    <property name="path.separator" value=":"/>
    <property name="os.version" value="15.0"/>
    <property name="java.runtime.name" value="OpenJDK Runtime Environment"/>
    <property name="file.encoding" value="UTF-8"/>
    <property name="java.vm.name" value="OpenJDK 64-Bit Server VM"/>
    <property name="java.vendor.version" value="Homebrew"/>
    <property name="localRepository" value="/Users/andynze/.m2/repository"/>
    <property name="java.vendor.url.bug" value="https://github.com/Homebrew/homebrew-core/issues"/>
    <property name="java.io.tmpdir" value="/var/folders/x4/ptgf7ytd7dl6vxxnhbp8gq080000gn/T/"/>
    <property name="java.version" value="22"/>
    <property name="user.dir" value="/Users/andynze/myapp/vTech-Repo/registration-app"/>
    <property name="os.arch" value="aarch64"/>
    <property name="java.vm.specification.name" value="Java Virtual Machine Specification"/>
    <property name="native.encoding" value="UTF-8"/>
    <property name="java.library.path" value="/Users/andynze/Library/Java/Extensions:/Library/Java/Extensions:/Network/Library/Java/Extensions:/System/Library/Java/Extensions:/usr/lib/java:."/>
    <property name="java.vm.info" value="mixed mode, sharing"/>
    <property name="stderr.encoding" value="UTF-8"/>
    <property name="java.vendor" value="Homebrew"/>
    <property name="java.vm.version" value="22"/>
    <property name="sun.io.unicode.encoding" value="UnicodeBig"/>
    <property name="socksNonProxyHosts" value="local|*.local|169.254/16|*.169.254/16"/>
    <property name="java.class.version" value="66.0"/>
  </properties>
  <testcase name="testSayHello" classname="com.webapp.HelloWorldTest" time="0.001"/>
</testsuite>